InitWnd
AsyncMessageLoop window=0x60aa8
SDL_PROP_WINDOW_CREATE_WIN32_HWND_POINTER: 1
SDL_PROP_WINDOW_CREATE_WIDTH_NUMBER: 1 size=500,500
SDL_PROP_WINDOW_CREATE_MOUSE_GRABBED_BOOLEAN: 1
SDL_PROP_WINDOW_CREATE_UTILITY_BOOLEAN: 1
window=0x60aa8
  event=524
  event=1024
  event=519
  SDL_EVENT_WINDOW_PIXEL_SIZE_CHANGED processing: data1=1918 data2=217
InitWnd
AsyncMessageLoop window=0x410502
SDL_PROP_WINDOW_CREATE_WIN32_HWND_POINTER: 1
SDL_PROP_WINDOW_CREATE_WIDTH_NUMBER: 1 size=500,500
SDL_PROP_WINDOW_CREATE_MOUSE_GRABBED_BOOLEAN: 1
SDL_PROP_WINDOW_CREATE_UTILITY_BOOLEAN: 1
window=0x410502
  event=1024
  event=1024
  event=1024
  event=1024
  event=1024
  event=1024
  event=1024
  event=1024
  event=1024
  event=1024
  event=1024
  event=1024
  event=1024
  event=1024
  event=1024
  event=1024
  event=1024
  event=1024
  event=1024
  event=1024
  event=1024
  event=1024
  event=1024
  event=1024
  event=1024
  event=1024
  event=1024
  event=1024
  event=1024
  event=1024
  event=1024
  event=1024
  event=1024
  event=1024
  event=1024
  event=1024
  event=1024
  event=1024
  event=1024
  event=525
  event=531
  event=524
  event=1024
  event=1024
  event=1024
  event=1024
  event=1024
  event=1024
  event=1024
  event=1024
  event=1024
  event=1024
  event=1024
  event=1024
  event=1024
  event=1024
  event=1024
  event=1024
  event=1024
  event=1024
  event=1024
  event=1024
  event=1024
  event=1024
  event=1024
  event=1024
  event=1025
  event=1024
  event=1024
  event=1026
  event=1024
  event=1024
  event=1024
  event=1024
  event=1024
  event=1024
  event=1024
  event=1024
  event=1024
  event=1024
  event=1024
  event=1024
  event=1024
  event=1024
  event=1024
  event=1024
  event=1025
  event=1024
  event=1024
  event=1024
  event=1024
  event=1024
  event=1024
  event=1026
  event=1024
  event=1024
  event=1024
  event=1024
  event=1024
  event=1024
  event=1024
  event=1024
  event=1024
  event=1024
  event=1024
  event=1024
  event=1024
  event=1025
  event=1024
  event=1024
  event=1024
  event=1024
  event=1024
  event=1026
  event=1024
  event=1024
  event=1024
  event=1024
  event=1024
  event=1024
  event=1024
  event=1024
  event=1024
  event=1024
  event=1024
  event=1024
  event=1024
  event=1025
  event=1024
  event=1024
  event=1024
  event=1024
  event=1024
  event=1024
  event=1024
  event=1024
  event=1026
  event=1024
  event=1024
  event=1024
  event=1024
  event=1024
  event=1024
  event=1024
  event=1024
  event=1024
  event=1024
  event=1024
  event=1024
  event=1024
  event=1024
  event=1024
  event=1024
  event=1024
  event=525
  event=524
  event=1024
  event=1024
  event=1024
  event=1024
  event=1024
  event=1024
  event=1024
  event=1024
  event=1024
  event=1024
  event=1024
  event=1024
  event=1024
  event=1024
  event=1024
  event=1024
  event=1024
  event=1024
  event=1024
  event=1024
  event=1024
  event=1024
  event=1024
  event=1024
  event=1024
  event=1024
  event=1024
  event=1024
  event=1024
  event=1024
  event=1024
  event=1024
  event=1024
  event=1024
  event=1024
  event=1024
  event=1024
  event=1024
  event=1024
  event=1024
  event=1024
  event=1024
  event=1024
  event=1024
  event=1024
  event=1024
  event=1024
  event=1024
  event=1024
  event=1024
  event=1024
  event=1024
  event=1024
  event=1024
  event=1024
  event=1024
  event=1024
  event=1024
  event=1024
  event=1024
  event=1024
  event=1024
  event=1024
  event=1024
  event=1024
  event=1024
  event=1024
  event=1024
  event=1024
  event=1024
  event=1024
  event=1024
  event=1024
  event=1024
  event=1024
  event=1024
  event=1024
  event=1024
  event=1024
  event=1024
  event=1024
  event=1024
  event=1024
  event=1024
  event=1024
  event=1024
  event=1024
  event=1024
  event=1024
  event=1024
  event=1024
  event=1024
  event=1024
  event=1024
  event=1024
  event=1024
  event=1024
  event=1024
  event=1024
  event=1024
  event=1024
  event=525
  event=524
  event=1024
  event=1024
  event=1024
  event=1024
  event=1024
  event=1024
  event=1024
  event=1024
  event=1024
  event=525
  event=524
  event=1024
  event=1024
  event=1024
  event=1024
  event=1024
  event=1024
  event=1024
  event=1024
  event=1024
  event=1024
  event=1024
  event=1024
  event=1024
  event=1024
  event=1024
  event=1024
  event=1024
  event=1024
  event=1024
  event=1024
  event=1024
  event=1024
  event=1024
  event=1024
  event=1024
  event=1024
  event=1024
  event=1024
  event=1024
  event=1024
  event=1024
  event=1024
  event=1024
  event=1024
  event=1024
  event=1024
  event=1024
  event=1024
  event=1024
  event=1024
  event=1024
  event=1024
  event=1024
  event=1024
  event=1024
  event=1024
  event=1024
  event=1024
  event=1024
  event=1024
  event=1024
  event=1024
  event=1024
  event=1024
  event=1024
  event=1024
  event=1024
  event=1024
  event=1024
  event=1024
  event=1024
  event=1024
  event=1024
  event=1024
  event=1024
  event=1024
  event=1024
  event=1024
  event=1024
  event=1024
  event=1024
  event=1024
  event=1024
  event=1024
  event=525
  event=524
  event=1024
  event=1024
  event=1024
  event=1024
  event=1024
  event=1024
  event=1024
  event=1024
  event=1024
  event=525
  event=524
  event=1024
  event=1024
  event=1024
  event=1024
  event=1024
  event=525
  event=524
  event=1024
  event=1024
  event=1024
  event=1024
  event=1024
  event=1024
  event=1024
  event=1024
  event=1024
  event=1024
  event=1024
  event=1024
  event=1024
  event=1024
  event=1024
  event=1024
  event=1024
  event=1024
  event=1024
  event=1024
  event=1024
  event=1024
  event=1024
  event=1024
  event=525
  event=518
  event=519
  SDL_EVENT_WINDOW_PIXEL_SIZE_CHANGED processing: data1=2422 data2=750
  event=533
  event=516
